Fri Aug 11 18:24:43 2017: build-wrapper, version 4.11 (linux-x86)
Fri Aug 11 18:24:43 2017: System name: Linux Nodename: ubuntu Release: 3.19.0-25-generic Version: #26~14.04.1-Ubuntu SMP Fri Jul 24 21:16:20 UTC 2015 Machine: x86_64
Fri Aug 11 18:24:43 2017: socket path: /tmp/build-wrapper-socket.avTqJI
Fri Aug 11 18:24:43 2017: dynamic library found: /media/ubuntu/dcf43bf7-6351-4bff-9678-b3a9a02df56d/fede/Desktop/EscuelaEmbebidos/Proyectos/build-wrapper-linux-x86/libinterceptor-i686.so
Fri Aug 11 18:24:43 2017: dynamic library found: /media/ubuntu/dcf43bf7-6351-4bff-9678-b3a9a02df56d/fede/Desktop/EscuelaEmbebidos/Proyectos/build-wrapper-linux-x86/libinterceptor-x86_64.so
Fri Aug 11 18:24:43 2017: command executed as: <../build-wrapper-linux-x86/build-wrapper-linux-x86-64>
Fri Aug 11 18:24:43 2017: command line received: <make clean all>
Fri Aug 11 18:24:43 2017: env 0: <XDG_VTNR=7>
Fri Aug 11 18:24:43 2017: env 1: <XDG_SESSION_ID=c6>
Fri Aug 11 18:24:43 2017: env 2: <SHELL=/bin/bash>
Fri Aug 11 18:24:43 2017: env 3: <TERM=xterm>
Fri Aug 11 18:24:43 2017: env 4: <OLDPWD=/media/ubuntu/dcf43bf7-6351-4bff-9678-b3a9a02df56d/fede/Desktop/EscuelaEmbebidos/Proyectos>
Fri Aug 11 18:24:43 2017: env 5: <USER=root>
Fri Aug 11 18:24:43 2017: env 6: <LS_COLORS=rs=0:di=01;34:ln=01;36:mh=00:pi=40;33:so=01;35:do=01;35:bd=40;33;01:cd=40;33;01:or=40;31;01:su=37;41:sg=30;43:ca=30;41:tw=30;42:ow=34;42:st=37;44:ex=01;32:*.tar=01;31:*.tgz=01;31:*.arj=01;31:*.taz=01;31:*.lzh=01;31:*.lzma=01;31:*.tlz=01;31:*.txz=01;31:*.zip=01;31:*.z=01;31:*.Z=01;31:*.dz=01;31:*.gz=01;31:*.lz=01;31:*.xz=01;31:*.bz2=01;31:*.bz=01;31:*.tbz=01;31:*.tbz2=01;31:*.tz=01;31:*.deb=01;31:*.rpm=01;31:*.jar=01;31:*.war=01;31:*.ear=01;31:*.sar=01;31:*.rar=01;31:*.ace=01;31:*.zoo=01;31:*.cpio=01;31:*.7z=01;31:*.rz=01;31:*.jpg=01;35:*.jpeg=01;35:*.gif=01;35:*.bmp=01;35:*.pbm=01;35:*.pgm=01;35:*.ppm=01;35:*.tga=01;35:*.xbm=01;35:*.xpm=01;35:*.tif=01;35:*.tiff=01;35:*.png=01;35:*.svg=01;35:*.svgz=01;35:*.mng=01;35:*.pcx=01;35:*.mov=01;35:*.mpg=01;35:*.mpeg=01;35:*.m2v=01;35:*.mkv=01;35:*.webm=01;35:*.ogm=01;35:*.mp4=01;35:*.m4v=01;35:*.mp4v=01;35:*.vob=01;35:*.qt=01;35:*.nuv=01;35:*.wmv=01;35:*.asf=01;35:*.rm=01;35:*.rmvb=01;35:*.flc=01;35:*.avi=01;35:*.fli=01;35:*.flv=01;35:*.gl=01;35:*.dl=01;35:*.xcf=01;35:*.xwd=01;35:*.yuv=01;35:*.cgm=01;35:*.emf=01;35:*.axv=01;35:*.anx=01;35:*.ogv=01;35:*.ogx=01;35:*.aac=00;36:*.au=00;36:*.flac=00;36:*.mid=00;36:*.midi=00;36:*.mka=00;36:*.mp3=00;36:*.mpc=00;36:*.ogg=00;36:*.ra=00;36:*.wav=00;36:*.axa=00;36:*.oga=00;36:*.spx=00;36:*.xspf=00;36:>
Fri Aug 11 18:24:43 2017: env 7: <SUDO_USER=ubuntu>
Fri Aug 11 18:24:43 2017: env 8: <SUDO_UID=999>
Fri Aug 11 18:24:43 2017: env 9: <USERNAME=root>
Fri Aug 11 18:24:43 2017: env 10: <MAIL=/var/mail/root>
Fri Aug 11 18:24:43 2017: env 11: <PATH=/usr/local/sbin:/usr/local/bin:/usr/sbin:/usr/bin:/sbin:/bin:/usr/games:/usr/local/games>
Fri Aug 11 18:24:43 2017: env 12: <PWD=/media/ubuntu/dcf43bf7-6351-4bff-9678-b3a9a02df56d/fede/Desktop/EscuelaEmbebidos/Proyectos/leds>
Fri Aug 11 18:24:43 2017: env 13: <LANG=en_US.UTF-8>
Fri Aug 11 18:24:43 2017: env 14: <SHLVL=1>
Fri Aug 11 18:24:43 2017: env 15: <XDG_SEAT=seat0>
Fri Aug 11 18:24:43 2017: env 16: <SUDO_COMMAND=/bin/su>
Fri Aug 11 18:24:43 2017: env 17: <HOME=/root>
Fri Aug 11 18:24:43 2017: env 18: <LOGNAME=root>
Fri Aug 11 18:24:43 2017: env 19: <LESSOPEN=| /usr/bin/lesspipe %s>
Fri Aug 11 18:24:43 2017: env 20: <SUDO_GID=999>
Fri Aug 11 18:24:43 2017: env 21: <DISPLAY=:0>
Fri Aug 11 18:24:43 2017: env 22: <LESSCLOSE=/usr/bin/lesspipe %s %s>
Fri Aug 11 18:24:43 2017: env 23: <XAUTHORITY=/home/ubuntu/.Xauthority>
Fri Aug 11 18:24:43 2017: env 24: <COLORTERM=gnome-terminal>
Fri Aug 11 18:24:43 2017: env 25: <_=../build-wrapper-linux-x86/build-wrapper-linux-x86-64>
Fri Aug 11 18:24:43 2017: executing: <make clean all>
Fri Aug 11 18:24:43 2017: initializing json file
Fri Aug 11 18:24:43 2017: process created with pid: 4888
Fri Aug 11 18:24:43 2017: parent pid: 4887
Fri Aug 11 18:24:43 2017: working directory: </media/ubuntu/dcf43bf7-6351-4bff-9678-b3a9a02df56d/fede/Desktop/EscuelaEmbebidos/Proyectos/leds>
Fri Aug 11 18:24:43 2017: executable: </media/ubuntu/dcf43bf7-6351-4bff-9678-b3a9a02df56d/fede/Desktop/EscuelaEmbebidos/Proyectos/build-wrapper-linux-x86/build-wrapper-linux-x86-64>
Fri Aug 11 18:24:43 2017: argv[0]: <../build-wrapper-linux-x86/build-wrapper-linux-x86-64>
Fri Aug 11 18:24:43 2017: argv[1]: <-c>
Fri Aug 11 18:24:43 2017: argv[2]: <>
Fri Aug 11 18:24:43 2017: argv[3]: <make>
Fri Aug 11 18:24:43 2017: argv[4]: <clean>
Fri Aug 11 18:24:43 2017: argv[5]: <all>
Fri Aug 11 18:24:43 2017: skipping process with pid: 4888
Fri Aug 11 18:24:43 2017: process created with pid: 4889
Fri Aug 11 18:24:43 2017: parent pid: 4888
Fri Aug 11 18:24:43 2017: working directory: </media/ubuntu/dcf43bf7-6351-4bff-9678-b3a9a02df56d/fede/Desktop/EscuelaEmbebidos/Proyectos/leds>
Fri Aug 11 18:24:43 2017: executable: </usr/bin/make>
Fri Aug 11 18:24:43 2017: argv[0]: <make>
Fri Aug 11 18:24:43 2017: argv[1]: <clean>
Fri Aug 11 18:24:43 2017: argv[2]: <all>
Fri Aug 11 18:24:43 2017: skipping process with pid: 4889
Fri Aug 11 18:24:43 2017: finalizing json file
Fri Aug 11 18:24:43 2017: returned with code: 2
